#
# A fatal error has been detected by the Java Runtime Environment:
#
#  SIGSEGV (0xb) at pc=0x00007f112fd2d116, pid=16567, tid=0x00007f1100ffe700
#
# JRE version: OpenJDK Runtime Environment (8.0_131-b11) (build 1.8.0_131-8u131-b11-2ubuntu1.16.04.2-b11)
# Java VM: OpenJDK 64-Bit Server VM (25.131-b11 mixed mode linux-amd64 compressed oops)
# Problematic frame:
# C  [libc.so.6+0x14e116]
#
# Failed to write core dump. Core dumps have been disabled. To enable core dumping, try "ulimit -c unlimited" before starting Java again
#
# If you would like to submit a bug report, please visit:
#   http://bugreport.java.com/bugreport/crash.jsp
# The crash happened outside the Java Virtual Machine in native code.
# See problematic frame for where to report the bug.
#

---------------  T H R E A D  ---------------

Current thread (0x00007f1128711800):  JavaThread "hosebird-client-io-thread-0" daemon [_thread_in_native, id=16635, stack(0x00007f1100efe000,0x00007f1100fff000)]

siginfo: si_signo: 11 (SIGSEGV), si_code: 2 (SEGV_ACCERR), si_addr: 0x00007f1109607000

Registers:
RAX=0x00007f10b80ab9e2, RBX=0x00007f1128292f20, RCX=0x00000000000012cd, RDX=0x000000000000672f
RSP=0x00007f1100ffb568, RBP=0x00007f1100ffb5e0, RSI=0x00007f1109607000, RDI=0x00007f10b80b0e44
R8 =0x00007f10b8000000, R9 =0x00007f10b80a4c60, R10=0x00007f10b8000078, R11=0x0000000000000206
R12=0x000000000000672f, R13=0x00007f1109601b9e, R14=0x00007f11095fae01, R15=0x00007f10b807bab0
RIP=0x00007f112fd2d116, EFLAGS=0x0000000000010283, CSGSFS=0x0000000000000033, ERR=0x0000000000000004
  TRAPNO=0x000000000000000e

Top of Stack: (sp=0x00007f1100ffb568)
0x00007f1100ffb568:   00007f112cd36fee 00007f110b94c0d0
0x00007f1100ffb578:   00007f10b80a4c60 0000000000000000
0x00007f1100ffb588:   00000000692f6e6f 00000000630143bc
0x00007f1100ffb598:   0000000000006d6f 0000000000006f6f
0x00007f1100ffb5a8:   0000000000000000 0000000000000025
0x00007f1100ffb5b8:   00007f11282bc980 00000000330704f8
0x00007f1100ffb5c8:   00007f1100ffb674 00007f1128711090
0x00007f1100ffb5d8:   00007f1128292f20 00007f1100ffb630
0x00007f1100ffb5e8:   00007f112cd37c84 00007f1100ffb650
0x00007f1100ffb5f8:   00000025014d9e00 00007f1100ffb630
0x00007f1100ffb608:   0000000000000025 00007f11287119e0
0x00007f1100ffb618:   0000000000000021 00007f1100ffbaa8
0x00007f1100ffb628:   00007f1128292f20 00007f1100ffba90
0x00007f1100ffb638:   00007f112cd35bec 00007f1100ffb650
0x00007f1100ffb648:   000000010000002d 676f6f672f6d6f63
0x00007f1100ffb658:   6f6d6d6f632f656c 6f6c432f6f692f6e
0x00007f1100ffb668:   2e73656c62616573 0000007373616c63
0x00007f1100ffb678:   00007f112fc5a6ce 00007f1100ffbc30
0x00007f1100ffb688:   00007f1100ffbc20 00007f112f121721
0x00007f1100ffb698:   00007f1100ffbdd0 0000000000000000
0x00007f1100ffb6a8:   00007f112fc2c92d 00007f112f10c12e
0x00007f1100ffb6b8:   00007f1100ffbde0 0000000000000000
0x00007f1100ffb6c8:   00007f1100ffb798 00007f1100ffb788
0x00007f1100ffb6d8:   0000003000000000 00007f1100000000
0x00007f1100ffb6e8:   00007f1100ffb7a0 00007f1100000000
0x00007f1100ffb6f8:   00007f1100000000 0000000100000000
0x00007f1100ffb708:   00007f1100ffb720 00007f1100000000
0x00007f1100ffb718:   00007f1100000000 00007f1100ffb7b0
0x00007f1100ffb728:   00007f1100000000 00007f1100000000
0x00007f1100ffb738:   00007f1100000032 0000000000000000
0x00007f1100ffb748:   41dd2afc00000032 00007f112f121723
0x00007f1100ffb758:   0000000100000000 00007f1100ffb800 

Instructions: (pc=0x00007f112fd2d116)
0x00007f112fd2d0f6:   89 c0 c3 0f 1f 80 00 00 00 00 48 8b 0d d1 60 27
0x00007f112fd2d106:   00 48 c1 e1 03 48 39 ca 73 10 48 89 d1 48 89 d1
0x00007f112fd2d116:   f3 a4 c3 0f 1f 80 00 00 00 00 48 8d 0c 16 c5 fe
0x00007f112fd2d126:   6f 26 c5 fa 6f 6c 16 80 c5 fa 6f 71 90 c5 fa 6f 

Register to memory mapping:

RAX=0x00007f10b80ab9e2 is an unknown value
RBX=0x00007f1128292f20 is an unknown value
RCX=0x00000000000012cd is an unknown value
RDX=0x000000000000672f is an unknown value
RSP=0x00007f1100ffb568 is pointing into the stack for thread: 0x00007f1128711800
RBP=0x00007f1100ffb5e0 is pointing into the stack for thread: 0x00007f1128711800
RSI=0x00007f1109607000 is an unknown value
RDI=0x00007f10b80b0e44 is an unknown value
R8 =0x00007f10b8000000 is an unknown value
R9 =0x00007f10b80a4c60 is an unknown value
R10=0x00007f10b8000078 is an unknown value
R11=0x0000000000000206 is an unknown value
R12=0x000000000000672f is an unknown value
R13=0x00007f1109601b9e is an unknown value
R14=0x00007f11095fae01 is an unknown value
R15=0x00007f10b807bab0 is an unknown value


Stack: [0x00007f1100efe000,0x00007f1100fff000],  sp=0x00007f1100ffb568,  free space=1013k
Native frames: (J=compiled Java code, j=interpreted, Vv=VM code, C=native code)
C  [libc.so.6+0x14e116]
C  [libzip.so+0x5c84]
C  [libzip.so+0x3bec]  Java_java_util_zip_ZipFile_getEntry+0xfc
J 249  java.util.zip.ZipFile.getEntry(J[BZ)J (0 bytes) @ 0x00007f111918308e [0x00007f1119182fc0+0xce]
J 2240 C2 java.util.jar.JarFile.getEntry(Ljava/lang/String;)Ljava/util/zip/ZipEntry; (22 bytes) @ 0x00007f11197d6f80 [0x00007f11197d6c20+0x360]
J 2251 C2 sun.misc.URLClassPath$JarLoader.getResource(Ljava/lang/String;Z)Lsun/misc/Resource; (85 bytes) @ 0x00007f11197dce80 [0x00007f11197dce00+0x80]
J 539 C1 sun.misc.URLClassPath.getResource(Ljava/lang/String;Z)Lsun/misc/Resource; (83 bytes) @ 0x00007f1119230b2c [0x00007f11192309c0+0x16c]
J 564 C1 java.net.URLClassLoader$1.run()Ljava/lang/Class; (63 bytes) @ 0x00007f111923eb2c [0x00007f111923e920+0x20c]
J 563 C1 java.net.URLClassLoader$1.run()Ljava/lang/Object; (5 bytes) @ 0x00007f111923e58c [0x00007f111923e500+0x8c]
v  ~StubRoutines::call_stub
V  [libjvm.so+0x66415b]
V  [libjvm.so+0x6b4f99]  JVM_DoPrivileged+0x429
J 364  java.security.AccessController.doPrivileged(Ljava/security/PrivilegedExceptionAction;Ljava/security/AccessControlContext;)Ljava/lang/Object; (0 bytes) @ 0x00007f11191c6f55 [0x00007f11191c6e80+0xd5]
J 390 C1 java.net.URLClassLoader.findClass(Ljava/lang/String;)Ljava/lang/Class; (47 bytes) @ 0x00007f11191d3504 [0x00007f11191d3380+0x184]
J 296 C1 java.lang.ClassLoader.loadClass(Ljava/lang/String;Z)Ljava/lang/Class; (122 bytes) @ 0x00007f111919e2dc [0x00007f111919d980+0x95c]
J 318 C1 sun.misc.Launcher$AppClassLoader.loadClass(Ljava/lang/String;Z)Ljava/lang/Class; (85 bytes) @ 0x00007f11191ab8cc [0x00007f11191aaf40+0x98c]
J 317 C1 java.lang.ClassLoader.loadClass(Ljava/lang/String;)Ljava/lang/Class; (7 bytes) @ 0x00007f11191a8484 [0x00007f11191a8380+0x104]
v  ~StubRoutines::call_stub
V  [libjvm.so+0x66415b]
V  [libjvm.so+0x661734]
V  [libjvm.so+0x661d93]
V  [libjvm.so+0x9e00dd]
V  [libjvm.so+0x9dea76]
V  [libjvm.so+0x9e0b7a]
V  [libjvm.so+0x4b6395]
V  [libjvm.so+0x4b8982]
V  [libjvm.so+0x78c065]
V  [libjvm.so+0x78ef48]
V  [libjvm.so+0x656e69]
j  com.twitter.hbc.httpclient.Connection.close()V+53
j  com.twitter.hbc.httpclient.ClientBase.run()V+244
j  java.util.concurrent.ThreadPoolExecutor.runWorker(Ljava/util/concurrent/ThreadPoolExecutor$Worker;)V+95
j  java.util.concurrent.ThreadPoolExecutor$Worker.run()V+5
j  java.lang.Thread.run()V+11
v  ~StubRoutines::call_stub
V  [libjvm.so+0x66415b]
V  [libjvm.so+0x661734]
V  [libjvm.so+0x661d17]
V  [libjvm.so+0x6a5014]
V  [libjvm.so+0xa0e7d7]
V  [libjvm.so+0xa0ec9c]
V  [libjvm.so+0x8b5a82]
C  [libpthread.so.0+0x76ba]  start_thread+0xca

Java frames: (J=compiled Java code, j=interpreted, Vv=VM code)
J 249  java.util.zip.ZipFile.getEntry(J[BZ)J (0 bytes) @ 0x00007f1119183018 [0x00007f1119182fc0+0x58]
J 2240 C2 java.util.jar.JarFile.getEntry(Ljava/lang/String;)Ljava/util/zip/ZipEntry; (22 bytes) @ 0x00007f11197d6f80 [0x00007f11197d6c20+0x360]
J 2251 C2 sun.misc.URLClassPath$JarLoader.getResource(Ljava/lang/String;Z)Lsun/misc/Resource; (85 bytes) @ 0x00007f11197dce80 [0x00007f11197dce00+0x80]
J 539 C1 sun.misc.URLClassPath.getResource(Ljava/lang/String;Z)Lsun/misc/Resource; (83 bytes) @ 0x00007f1119230b2c [0x00007f11192309c0+0x16c]
J 564 C1 java.net.URLClassLoader$1.run()Ljava/lang/Class; (63 bytes) @ 0x00007f111923eb2c [0x00007f111923e920+0x20c]
J 563 C1 java.net.URLClassLoader$1.run()Ljava/lang/Object; (5 bytes) @ 0x00007f111923e58c [0x00007f111923e500+0x8c]
v  ~StubRoutines::call_stub
J 364  java.security.AccessController.doPrivileged(Ljava/security/PrivilegedExceptionAction;Ljava/security/AccessControlContext;)Ljava/lang/Object; (0 bytes) @ 0x00007f11191c6ee3 [0x00007f11191c6e80+0x63]
J 390 C1 java.net.URLClassLoader.findClass(Ljava/lang/String;)Ljava/lang/Class; (47 bytes) @ 0x00007f11191d3504 [0x00007f11191d3380+0x184]
J 296 C1 java.lang.ClassLoader.loadClass(Ljava/lang/String;Z)Ljava/lang/Class; (122 bytes) @ 0x00007f111919e2dc [0x00007f111919d980+0x95c]
J 318 C1 sun.misc.Launcher$AppClassLoader.loadClass(Ljava/lang/String;Z)Ljava/lang/Class; (85 bytes) @ 0x00007f11191ab8cc [0x00007f11191aaf40+0x98c]
J 317 C1 java.lang.ClassLoader.loadClass(Ljava/lang/String;)Ljava/lang/Class; (7 bytes) @ 0x00007f11191a8484 [0x00007f11191a8380+0x104]
v  ~StubRoutines::call_stub
j  com.twitter.hbc.httpclient.Connection.close()V+53
j  com.twitter.hbc.httpclient.ClientBase.run()V+244
j  java.util.concurrent.ThreadPoolExecutor.runWorker(Ljava/util/concurrent/ThreadPoolExecutor$Worker;)V+95
j  java.util.concurrent.ThreadPoolExecutor$Worker.run()V+5
j  java.lang.Thread.run()V+11
v  ~StubRoutines::call_stub

---------------  P R O C E S S  ---------------

Java Threads: ( => current thread )
  0x00007f10b8006000 JavaThread "hosebird-client-rateTracker-thread-0" daemon [_thread_blocked, id=16636, stack(0x00007f1100dfd000,0x00007f1100efe000)]
=>0x00007f1128711800 JavaThread "hosebird-client-io-thread-0" daemon [_thread_in_native, id=16635, stack(0x00007f1100efe000,0x00007f1100fff000)]
  0x00007f1128213800 JavaThread "Service Thread" daemon [_thread_blocked, id=16586, stack(0x00007f1109708000,0x00007f1109809000)]
  0x00007f1128206800 JavaThread "C1 CompilerThread3" daemon [_thread_blocked, id=16585, stack(0x00007f1109809000,0x00007f110990a000)]
  0x00007f1128202000 JavaThread "C2 CompilerThread2" daemon [_thread_blocked, id=16584, stack(0x00007f110990a000,0x00007f1109a0b000)]
  0x00007f1128200000 JavaThread "C2 CompilerThread1" daemon [_thread_blocked, id=16583, stack(0x00007f1109a0b000,0x00007f1109b0c000)]
  0x00007f11281fd800 JavaThread "C2 CompilerThread0" daemon [_thread_blocked, id=16582, stack(0x00007f1109b0c000,0x00007f1109c0d000)]
  0x00007f11281fb000 JavaThread "Signal Dispatcher" daemon [_thread_blocked, id=16581, stack(0x00007f1109c0d000,0x00007f1109d0e000)]
  0x00007f11281d3000 JavaThread "Finalizer" daemon [_thread_blocked, id=16580, stack(0x00007f1109fe8000,0x00007f110a0e9000)]
  0x00007f11281ce000 JavaThread "Reference Handler" daemon [_thread_blocked, id=16579, stack(0x00007f110a0e9000,0x00007f110a1ea000)]
  0x00007f112800a000 JavaThread "main" [_thread_blocked, id=16569, stack(0x00007f11302b2000,0x00007f11303b3000)]

Other Threads:
  0x00007f11281c6800 VMThread [stack: 0x00007f110a1ea000,0x00007f110a2eb000] [id=16578]
  0x00007f1128216000 WatcherThread [stack: 0x00007f1109607000,0x00007f1109708000] [id=16587]

VM state:not at safepoint (normal execution)

VM Mutex/Monitor currently owned by a thread: None

Heap:
 PSYoungGen      total 35840K, used 2928K [0x00000000d6e00000, 0x00000000e0b80000, 0x0000000100000000)
  eden space 35328K, 7% used [0x00000000d6e00000,0x00000000d70bc0c8,0x00000000d9080000)
  from space 512K, 25% used [0x00000000e0b00000,0x00000000e0b20000,0x00000000e0b80000)
  to   space 512K, 0% used [0x00000000e0a80000,0x00000000e0a80000,0x00000000e0b00000)
 ParOldGen       total 239616K, used 119696K [0x0000000084a00000, 0x0000000093400000, 0x00000000d6e00000)
  object space 239616K, 49% used [0x0000000084a00000,0x000000008bee4348,0x0000000093400000)
 Metaspace       used 17476K, capacity 17990K, committed 18304K, reserved 1064960K
  class space    used 1940K, capacity 2099K, committed 2176K, reserved 1048576K

Card table byte_map: [0x00007f112c596000,0x00007f112c972000] byte_map_base: 0x00007f112c171000

Marking Bits: (ParMarkBitMap*) 0x00007f112f5872c0
 Begin Bits: [0x00007f1110250000, 0x00007f1112128000)
 End Bits:   [0x00007f1112128000, 0x00007f1114000000)

Polling page: 0x00007f11303da000

CodeCache: size=245760Kb used=7821Kb max_used=9810Kb free=237938Kb
 bounds [0x00007f1119000000, 0x00007f11199c0000, 0x00007f1128000000]
 total_blobs=2775 nmethods=2365 adapters=324
 compilation: enabled

Compilation events (10 events):
Event: 858,792 Thread 0x00007f1128206800 3024       3       tipech.thesis.entities.Tweet::getTime (5 bytes)
Event: 858,792 Thread 0x00007f1128206800 nmethod 3024 0x00007f111986c410 code [0x00007f111986c560, 0x00007f111986c6b0]
Event: 858,792 Thread 0x00007f1128206800 3025       3       tipech.thesis.extraction.DatabaseManager::saveTweetEntry (57 bytes)
Event: 858,792 Thread 0x00007f1128206800 nmethod 3025 0x00007f111966fd10 code [0x00007f111966ff40, 0x00007f1119670c58]
Event: 948,487 Thread 0x00007f1128200000 3026   !   4       java.util.concurrent.LinkedBlockingQueue::offer (154 bytes)
Event: 948,499 Thread 0x00007f1128200000 nmethod 3026 0x00007f11192103d0 code [0x00007f1119210640, 0x00007f1119211540]
Event: 1050,293 Thread 0x00007f1128202000 3027       4       java.util.concurrent.locks.AbstractQueuedSynchronizer$ConditionObject::doSignal (43 bytes)
Event: 1050,295 Thread 0x00007f1128202000 nmethod 3027 0x00007f11196a6b50 code [0x00007f11196a6cc0, 0x00007f11196a6ed8]
Event: 1073,393 Thread 0x00007f1128200000 3028       4       java.util.concurrent.locks.AbstractQueuedSynchronizer::enq (58 bytes)
Event: 1073,394 Thread 0x00007f1128200000 nmethod 3028 0x00007f11192f5d50 code [0x00007f11192f5ea0, 0x00007f11192f5fb8]

GC Heap History (10 events):
Event: 1095,963 GC heap before
{Heap before GC invocations=516 (full 2):
 PSYoungGen      total 35840K, used 35520K [0x00000000d6e00000, 0x00000000e0b80000, 0x0000000100000000)
  eden space 35328K, 100% used [0x00000000d6e00000,0x00000000d9080000,0x00000000d9080000)
  from space 512K, 37% used [0x00000000e0a80000,0x00000000e0ab0000,0x00000000e0b00000)
  to   space 512K, 0% used [0x00000000e0b00000,0x00000000e0b00000,0x00000000e0b80000)
 ParOldGen       total 239616K, used 119696K [0x0000000084a00000, 0x0000000093400000, 0x00000000d6e00000)
  object space 239616K, 49% used [0x0000000084a00000,0x000000008bee4348,0x0000000093400000)
 Metaspace       used 17471K, capacity 17990K, committed 18304K, reserved 1064960K
  class space    used 1938K, capacity 2099K, committed 2176K, reserved 1048576K
Event: 1095,964 GC heap after
Heap after GC invocations=516 (full 2):
 PSYoungGen      total 35840K, used 128K [0x00000000d6e00000, 0x00000000e0b80000, 0x0000000100000000)
  eden space 35328K, 0% used [0x00000000d6e00000,0x00000000d6e00000,0x00000000d9080000)
  from space 512K, 25% used [0x00000000e0b00000,0x00000000e0b20000,0x00000000e0b80000)
  to   space 512K, 0% used [0x00000000e0a80000,0x00000000e0a80000,0x00000000e0b00000)
 ParOldGen       total 239616K, used 119696K [0x0000000084a00000, 0x0000000093400000, 0x00000000d6e00000)
  object space 239616K, 49% used [0x0000000084a00000,0x000000008bee4348,0x0000000093400000)
 Metaspace       used 17471K, capacity 17990K, committed 18304K, reserved 1064960K
  class space    used 1938K, capacity 2099K, committed 2176K, reserved 1048576K
}
Event: 1097,814 GC heap before
{Heap before GC invocations=517 (full 2):
 PSYoungGen      total 35840K, used 35456K [0x00000000d6e00000, 0x00000000e0b80000, 0x0000000100000000)
  eden space 35328K, 100% used [0x00000000d6e00000,0x00000000d9080000,0x00000000d9080000)
  from space 512K, 25% used [0x00000000e0b00000,0x00000000e0b20000,0x00000000e0b80000)
  to   space 512K, 0% used [0x00000000e0a80000,0x00000000e0a80000,0x00000000e0b00000)
 ParOldGen       total 239616K, used 119696K [0x0000000084a00000, 0x0000000093400000, 0x00000000d6e00000)
  object space 239616K, 49% used [0x0000000084a00000,0x000000008bee4348,0x0000000093400000)
 Metaspace       used 17471K, capacity 17990K, committed 18304K, reserved 1064960K
  class space    used 1938K, capacity 2099K, committed 2176K, reserved 1048576K
Event: 1097,815 GC heap after
Heap after GC invocations=517 (full 2):
 PSYoungGen      total 35840K, used 128K [0x00000000d6e00000, 0x00000000e0b80000, 0x0000000100000000)
  eden space 35328K, 0% used [0x00000000d6e00000,0x00000000d6e00000,0x00000000d9080000)
  from space 512K, 25% used [0x00000000e0a80000,0x00000000e0aa0000,0x00000000e0b00000)
  to   space 512K, 0% used [0x00000000e0b00000,0x00000000e0b00000,0x00000000e0b80000)
 ParOldGen       total 239616K, used 119696K [0x0000000084a00000, 0x0000000093400000, 0x00000000d6e00000)
  object space 239616K, 49% used [0x0000000084a00000,0x000000008bee4348,0x0000000093400000)
 Metaspace       used 17471K, capacity 17990K, committed 18304K, reserved 1064960K
  class space    used 1938K, capacity 2099K, committed 2176K, reserved 1048576K
}
Event: 1099,240 GC heap before
{Heap before GC invocations=518 (full 2):
 PSYoungGen      total 35840K, used 35456K [0x00000000d6e00000, 0x00000000e0b80000, 0x0000000100000000)
  eden space 35328K, 100% used [0x00000000d6e00000,0x00000000d9080000,0x00000000d9080000)
  from space 512K, 25% used [0x00000000e0a80000,0x00000000e0aa0000,0x00000000e0b00000)
  to   space 512K, 0% used [0x00000000e0b00000,0x00000000e0b00000,0x00000000e0b80000)
 ParOldGen       total 239616K, used 119696K [0x0000000084a00000, 0x0000000093400000, 0x00000000d6e00000)
  object space 239616K, 49% used [0x0000000084a00000,0x000000008bee4348,0x0000000093400000)
 Metaspace       used 17471K, capacity 17990K, committed 18304K, reserved 1064960K
  class space    used 1938K, capacity 2099K, committed 2176K, reserved 1048576K
Event: 1099,241 GC heap after
Heap after GC invocations=518 (full 2):
 PSYoungGen      total 35840K, used 192K [0x00000000d6e00000, 0x00000000e0b80000, 0x0000000100000000)
  eden space 35328K, 0% used [0x00000000d6e00000,0x00000000d6e00000,0x00000000d9080000)
  from space 512K, 37% used [0x00000000e0b00000,0x00000000e0b30000,0x00000000e0b80000)
  to   space 512K, 0% used [0x00000000e0a80000,0x00000000e0a80000,0x00000000e0b00000)
 ParOldGen       total 239616K, used 119696K [0x0000000084a00000, 0x0000000093400000, 0x00000000d6e00000)
  object space 239616K, 49% used [0x0000000084a00000,0x000000008bee4348,0x0000000093400000)
 Metaspace       used 17471K, capacity 17990K, committed 18304K, reserved 1064960K
  class space    used 1938K, capacity 2099K, committed 2176K, reserved 1048576K
}
Event: 1100,484 GC heap before
{Heap before GC invocations=519 (full 2):
 PSYoungGen      total 35840K, used 35520K [0x00000000d6e00000, 0x00000000e0b80000, 0x0000000100000000)
  eden space 35328K, 100% used [0x00000000d6e00000,0x00000000d9080000,0x00000000d9080000)
  from space 512K, 37% used [0x00000000e0b00000,0x00000000e0b30000,0x00000000e0b80000)
  to   space 512K, 0% used [0x00000000e0a80000,0x00000000e0a80000,0x00000000e0b00000)
 ParOldGen       total 239616K, used 119696K [0x0000000084a00000, 0x0000000093400000, 0x00000000d6e00000)
  object space 239616K, 49% used [0x0000000084a00000,0x000000008bee4348,0x0000000093400000)
 Metaspace       used 17471K, capacity 17990K, committed 18304K, reserved 1064960K
  class space    used 1938K, capacity 2099K, committed 2176K, reserved 1048576K
Event: 1100,485 GC heap after
Heap after GC invocations=519 (full 2):
 PSYoungGen      total 35840K, used 160K [0x00000000d6e00000, 0x00000000e0b80000, 0x0000000100000000)
  eden space 35328K, 0% used [0x00000000d6e00000,0x00000000d6e00000,0x00000000d9080000)
  from space 512K, 31% used [0x00000000e0a80000,0x00000000e0aa8000,0x00000000e0b00000)
  to   space 512K, 0% used [0x00000000e0b00000,0x00000000e0b00000,0x00000000e0b80000)
 ParOldGen       total 239616K, used 119696K [0x0000000084a00000, 0x0000000093400000, 0x00000000d6e00000)
  object space 239616K, 49% used [0x0000000084a00000,0x000000008bee4348,0x0000000093400000)
 Metaspace       used 17471K, capacity 17990K, committed 18304K, reserved 1064960K
  class space    used 1938K, capacity 2099K, committed 2176K, reserved 1048576K
}
Event: 1101,684 GC heap before
{Heap before GC invocations=520 (full 2):
 PSYoungGen      total 35840K, used 35488K [0x00000000d6e00000, 0x00000000e0b80000, 0x0000000100000000)
  eden space 35328K, 100% used [0x00000000d6e00000,0x00000000d9080000,0x00000000d9080000)
  from space 512K, 31% used [0x00000000e0a80000,0x00000000e0aa8000,0x00000000e0b00000)
  to   space 512K, 0% used [0x00000000e0b00000,0x00000000e0b00000,0x00000000e0b80000)
 ParOldGen       total 239616K, used 119696K [0x0000000084a00000, 0x0000000093400000, 0x00000000d6e00000)
  object space 239616K, 49% used [0x0000000084a00000,0x000000008bee4348,0x0000000093400000)
 Metaspace       used 17471K, capacity 17990K, committed 18304K, reserved 1064960K
  class space    used 1938K, capacity 2099K, committed 2176K, reserved 1048576K
Event: 1101,685 GC heap after
Heap after GC invocations=520 (full 2):
 PSYoungGen      total 35840K, used 128K [0x00000000d6e00000, 0x00000000e0b80000, 0x0000000100000000)
  eden space 35328K, 0% used [0x00000000d6e00000,0x00000000d6e00000,0x00000000d9080000)
  from space 512K, 25% used [0x00000000e0b00000,0x00000000e0b20000,0x00000000e0b80000)
  to   space 512K, 0% used [0x00000000e0a80000,0x00000000e0a80000,0x00000000e0b00000)
 ParOldGen       total 239616K, used 119696K [0x0000000084a00000, 0x0000000093400000, 0x00000000d6e00000)
  object space 239616K, 49% used [0x0000000084a00000,0x000000008bee4348,0x0000000093400000)
 Metaspace       used 17471K, capacity 17990K, committed 18304K, reserved 1064960K
  class space    used 1938K, capacity 2099K, committed 2176K, reserved 1048576K
}

Deoptimization events (10 events):
Event: 1101,812 Thread 0x00007f1128711800 Uncommon trap: reason=unstable_if action=reinterpret pc=0x00007f1119203f84 method=com.sun.crypto.provider.CipherCore.init(ILjava/security/Key;Ljava/security/spec/AlgorithmParameterSpec;Ljava/security/SecureRandom;)V @ 3
Event: 1101,812 Thread 0x00007f1128711800 Uncommon trap: reason=unstable_if action=reinterpret pc=0x00007f1119991908 method=javax.crypto.Cipher.checkCipherState()V @ 29
Event: 1101,812 Thread 0x00007f1128711800 Uncommon trap: reason=unstable_if action=reinterpret pc=0x00007f11191a6b10 method=com.sun.crypto.provider.GaloisCounterMode.getBufferedLength()I @ 4
Event: 1101,812 Thread 0x00007f1128711800 Uncommon trap: reason=unstable_if action=reinterpret pc=0x00007f11193006d4 method=com.sun.crypto.provider.GaloisCounterMode.getBufferedLength()I @ 4
Event: 1101,812 Thread 0x00007f1128711800 Uncommon trap: reason=unstable_if action=reinterpret pc=0x00007f11193495e4 method=com.sun.crypto.provider.CipherCore.finalNoPadding([BI[BII)I @ 148
Event: 1101,812 Thread 0x00007f1128711800 Uncommon trap: reason=unstable_if action=reinterpret pc=0x00007f111913f918 method=com.sun.crypto.provider.GaloisCounterMode.reset()V @ 70
Event: 1101,812 Thread 0x00007f1128711800 Uncommon trap: reason=unstable_if action=reinterpret pc=0x00007f11191be7d4 method=com.sun.crypto.provider.CipherCore.getOutputSizeByOperation(IZ)I @ 73
Event: 1101,812 Thread 0x00007f1128711800 Uncommon trap: reason=unstable_if action=reinterpret pc=0x00007f111995f224 method=com.sun.crypto.provider.GaloisCounterMode.decryptFinal([BII[BI)I @ 5
Event: 1101,812 Thread 0x00007f1128711800 Uncommon trap: reason=class_check action=maybe_recompile pc=0x00007f111946e468 method=sun.nio.cs.StreamEncoder.writeBytes()V @ 120
Event: 1101,812 Thread 0x00007f1128711800 Uncommon trap: reason=class_check action=maybe_recompile pc=0x00007f111946e468 method=sun.nio.cs.StreamEncoder.writeBytes()V @ 120

Internal exceptions (10 events):
Event: 13,358 Thread 0x00007f1128711800 Implicit null exception at 0x00007f111910e0b8 to 0x00007f111910e209
Event: 14,634 Thread 0x00007f112800a000 Implicit null exception at 0x00007f111982e662 to 0x00007f111982ec41
Event: 14,634 Thread 0x00007f112800a000 Implicit null exception at 0x00007f111959ba8b to 0x00007f111959bd91
Event: 14,634 Thread 0x00007f112800a000 Implicit null exception at 0x00007f11198321f4 to 0x00007f111983274d
Event: 14,634 Thread 0x00007f112800a000 Implicit null exception at 0x00007f11197e8f7e to 0x00007f11197e9029
Event: 14,635 Thread 0x00007f112800a000 Implicit null exception at 0x00007f11196645ed to 0x00007f1119664619
Event: 14,635 Thread 0x00007f112800a000 Implicit null exception at 0x00007f11196685ab to 0x00007f11196685cd
Event: 1101,812 Thread 0x00007f1128711800 Implicit null exception at 0x00007f11191a5696 to 0x00007f11191a6ad9
Event: 1101,812 Thread 0x00007f1128711800 Implicit null exception at 0x00007f111930050f to 0x00007f11193006c4
Event: 1101,812 Thread 0x00007f1128711800 Implicit null exception at 0x00007f111913f680 to 0x00007f111913f90d

Events (10 events):
Event: 1101,812 loading class java/util/zip/DataFormatException
Event: 1101,812 loading class java/util/zip/DataFormatException done
Event: 1101,812 Thread 0x00007f1128711800 Uncommon trap: trap_request=0xffffffde fr.pc=0x00007f111946e468
Event: 1101,812 Thread 0x00007f1128711800 DEOPT PACKING pc=0x00007f111946e468 sp=0x00007f1100ffd1d0
Event: 1101,812 Thread 0x00007f1128711800 DEOPT UNPACKING pc=0x00007f1119004f69 sp=0x00007f1100ffd170 mode 2
Event: 1101,812 Thread 0x00007f1128711800 Uncommon trap: trap_request=0xffffffde fr.pc=0x00007f111946e468
Event: 1101,812 Thread 0x00007f1128711800 DEOPT PACKING pc=0x00007f111946e468 sp=0x00007f1100ffd230
Event: 1101,812 Thread 0x00007f1128711800 DEOPT UNPACKING pc=0x00007f1119004f69 sp=0x00007f1100ffd1d0 mode 2
Event: 1101,813 loading class com/google/common/io/Closeables
Event: 1101,813 loading class com/google/common/io/Closeables done


Dynamic libraries:
00400000-00401000 r-xp 00000000 08:01 21902480                           /usr/lib/jvm/java-8-openjdk-amd64/jre/bin/java
00600000-00601000 r--p 00000000 08:01 21902480                           /usr/lib/jvm/java-8-openjdk-amd64/jre/bin/java
00601000-00602000 rw-p 00001000 08:01 21902480                           /usr/lib/jvm/java-8-openjdk-amd64/jre/bin/java
021fa000-0221b000 rw-p 00000000 00:00 0                                  [heap]
84a00000-93400000 rw-p 00000000 00:00 0 
93400000-d6e00000 ---p 00000000 00:00 0 
d6e00000-e0b80000 rw-p 00000000 00:00 0 
e0b80000-100000000 ---p 00000000 00:00 0 
100000000-100220000 rw-p 00000000 00:00 0 
100220000-140000000 ---p 00000000 00:00 0 
7f10ac000000-7f10ac021000 rw-p 00000000 00:00 0 
7f10ac021000-7f10b0000000 ---p 00000000 00:00 0 
7f10b4000000-7f10b4021000 rw-p 00000000 00:00 0 
7f10b4021000-7f10b8000000 ---p 00000000 00:00 0 
7f10b8000000-7f10b80db000 rw-p 00000000 00:00 0 
7f10b80db000-7f10bc000000 ---p 00000000 00:00 0 
7f10bc000000-7f10bc021000 rw-p 00000000 00:00 0 
7f10bc021000-7f10c0000000 ---p 00000000 00:00 0 
7f10c0000000-7f10c0021000 rw-p 00000000 00:00 0 
7f10c0021000-7f10c4000000 ---p 00000000 00:00 0 
7f10c4000000-7f10c51e4000 rw-p 00000000 00:00 0 
7f10c51e4000-7f10c8000000 ---p 00000000 00:00 0 
7f10c8000000-7f10c89ed000 rw-p 00000000 00:00 0 
7f10c89ed000-7f10cc000000 ---p 00000000 00:00 0 
7f10cc000000-7f10cd227000 rw-p 00000000 00:00 0 
7f10cd227000-7f10d0000000 ---p 00000000 00:00 0 
7f10d0000000-7f10d1799000 rw-p 00000000 00:00 0 
7f10d1799000-7f10d4000000 ---p 00000000 00:00 0 
7f10d4000000-7f10d4021000 rw-p 00000000 00:00 0 
7f10d4021000-7f10d8000000 ---p 00000000 00:00 0 
7f10d8000000-7f10d8021000 rw-p 00000000 00:00 0 
7f10d8021000-7f10dc000000 ---p 00000000 00:00 0 
7f10dc000000-7f10dc021000 rw-p 00000000 00:00 0 
7f10dc021000-7f10e0000000 ---p 00000000 00:00 0 
7f10e0000000-7f10e0021000 rw-p 00000000 00:00 0 
7f10e0021000-7f10e4000000 ---p 00000000 00:00 0 
7f10e4000000-7f10e4021000 rw-p 00000000 00:00 0 
7f10e4021000-7f10e8000000 ---p 00000000 00:00 0 
7f10e8000000-7f10e8021000 rw-p 00000000 00:00 0 
7f10e8021000-7f10ec000000 ---p 00000000 00:00 0 
7f10ec000000-7f10ec02d000 rw-p 00000000 00:00 0 
7f10ec02d000-7f10f0000000 ---p 00000000 00:00 0 
7f10f4000000-7f10f4021000 rw-p 00000000 00:00 0 
7f10f4021000-7f10f8000000 ---p 00000000 00:00 0 
7f10fc000000-7f10fc029000 rw-p 00000000 00:00 0 
7f10fc029000-7f1100000000 ---p 00000000 00:00 0 
7f1100bfd000-7f1100dbd000 rw-p 00000000 00:00 0 
7f1100dbd000-7f1100dfd000 ---p 00000000 00:00 0 
7f1100dfd000-7f1100e00000 ---p 00000000 00:00 0 
7f1100e00000-7f1100efe000 rw-p 00000000 00:00 0 
7f1100efe000-7f1100f01000 ---p 00000000 00:00 0 
7f1100f01000-7f1104000000 rw-p 00000000 00:00 0 
7f1104000000-7f1104021000 rw-p 00000000 00:00 0 
7f1104021000-7f1108000000 ---p 00000000 00:00 0 
7f11080af000-7f11082af000 rw-p 00000000 00:00 0 
7f11082af000-7f11082d7000 r-xp 00000000 08:01 21902464                   /usr/lib/jvm/java-8-openjdk-amd64/jre/lib/amd64/libsunec.so
7f11082d7000-7f11084d7000 ---p 00028000 08:01 21902464                   /usr/lib/jvm/java-8-openjdk-amd64/jre/lib/amd64/libsunec.so
7f11084d7000-7f11084db000 r--p 00028000 08:01 21902464                   /usr/lib/jvm/java-8-openjdk-amd64/jre/lib/amd64/libsunec.so
7f11084db000-7f11084dc000 rw-p 0002c000 08:01 21902464                   /usr/lib/jvm/java-8-openjdk-amd64/jre/lib/amd64/libsunec.so
7f11084dc000-7f11086dc000 rw-p 00000000 00:00 0 
7f11086dc000-7f11086df000 ---p 00000000 00:00 0 
7f11086df000-7f11087dd000 rw-p 00000000 00:00 0 
7f11087dd000-7f11087f4000 r-xp 00000000 08:01 2885358                    /lib/x86_64-linux-gnu/libresolv-2.23.so
7f11087f4000-7f11089f4000 ---p 00017000 08:01 2885358                    /lib/x86_64-linux-gnu/libresolv-2.23.so
7f11089f4000-7f11089f5000 r--p 00017000 08:01 2885358                    /lib/x86_64-linux-gnu/libresolv-2.23.so
7f11089f5000-7f11089f6000 rw-p 00018000 08:01 2885358                    /lib/x86_64-linux-gnu/libresolv-2.23.so
7f11089f6000-7f11089f8000 rw-p 00000000 00:00 0 
7f11089f8000-7f11089fd000 r-xp 00000000 08:01 2883893                    /lib/x86_64-linux-gnu/libnss_dns-2.23.so
7f11089fd000-7f1108bfd000 ---p 00005000 08:01 2883893                    /lib/x86_64-linux-gnu/libnss_dns-2.23.so
7f1108bfd000-7f1108bfe000 r--p 00005000 08:01 2883893                    /lib/x86_64-linux-gnu/libnss_dns-2.23.so
7f1108bfe000-7f1108bff000 rw-p 00006000 08:01 2883893                    /lib/x86_64-linux-gnu/libnss_dns-2.23.so
7f1108bff000-7f1108c01000 r-xp 00000000 08:01 2884307                    /lib/x86_64-linux-gnu/libnss_mdns4_minimal.so.2
7f1108c01000-7f1108e00000 ---p 00002000 08:01 2884307                    /lib/x86_64-linux-gnu/libnss_mdns4_minimal.so.2
7f1108e00000-7f1108e01000 r--p 00001000 08:01 2884307                    /lib/x86_64-linux-gnu/libnss_mdns4_minimal.so.2
7f1108e01000-7f1108e02000 rw-p 00002000 08:01 2884307                    /lib/x86_64-linux-gnu/libnss_mdns4_minimal.so.2
7f1108e02000-7f1108e19000 r-xp 00000000 08:01 21902434                   /usr/lib/jvm/java-8-openjdk-amd64/jre/lib/amd64/libnet.so
7f1108e19000-7f1109018000 ---p 00017000 08:01 21902434                   /usr/lib/jvm/java-8-openjdk-amd64/jre/lib/amd64/libnet.so
7f1109018000-7f1109019000 r--p 00016000 08:01 21902434                   /usr/lib/jvm/java-8-openjdk-amd64/jre/lib/amd64/libnet.so
7f1109019000-7f110901a000 rw-p 00017000 08:01 21902434                   /usr/lib/jvm/java-8-openjdk-amd64/jre/lib/amd64/libnet.so
7f110901a000-7f110921a000 rw-p 00000000 00:00 0 
7f110921a000-7f11092fc000 r-xp 00000000 08:01 524767                     /tmp/sqlite-3.16.1-0b1a380a-0392-4758-b1ab-71310d2e4402-libsqlitejdbc.so
7f11092fc000-7f11094fc000 ---p 000e2000 08:01 524767                     /tmp/sqlite-3.16.1-0b1a380a-0392-4758-b1ab-71310d2e4402-libsqlitejdbc.so
7f11094fc000-7f1109501000 rw-p 000e2000 08:01 524767                     /tmp/sqlite-3.16.1-0b1a380a-0392-4758-b1ab-71310d2e4402-libsqlitejdbc.so
7f1109501000-7f1109607000 r--s 014d1000 08:01 21103388                   /home/tipech/Projects/Thesis/core/target/wrapper-jar-with-dependencies.jar
7f1109607000-7f1109608000 ---p 00000000 00:00 0 
7f1109608000-7f1109708000 rw-p 00000000 00:00 0 
7f1109708000-7f110970b000 ---p 00000000 00:00 0 
7f110970b000-7f1109809000 rw-p 00000000 00:00 0 
7f1109809000-7f110980c000 ---p 00000000 00:00 0 
7f110980c000-7f110990a000 rw-p 00000000 00:00 0 
7f110990a000-7f110990d000 ---p 00000000 00:00 0 
7f110990d000-7f1109a0b000 rw-p 00000000 00:00 0 
7f1109a0b000-7f1109a0e000 ---p 00000000 00:00 0 
7f1109a0e000-7f1109b0c000 rw-p 00000000 00:00 0 
7f1109b0c000-7f1109b0f000 ---p 00000000 00:00 0 
7f1109b0f000-7f1109c0d000 rw-p 00000000 00:00 0 
7f1109c0d000-7f1109c10000 ---p 00000000 00:00 0 
7f1109c10000-7f1109d0e000 rw-p 00000000 00:00 0 
7f1109d0e000-7f1109fe8000 r--p 00000000 08:01 21777915                   /usr/lib/locale/locale-archive
7f1109fe8000-7f1109feb000 ---p 00000000 00:00 0 
7f1109feb000-7f110a0e9000 rw-p 00000000 00:00 0 
7f110a0e9000-7f110a0ec000 ---p 00000000 00:00 0 
7f110a0ec000-7f110a1ea000 rw-p 00000000 00:00 0 
7f110a1ea000-7f110a1eb000 ---p 00000000 00:00 0 
7f110a1eb000-7f110c000000 rw-p 00000000 00:00 0 
7f110c000000-7f110c021000 rw-p 00000000 00:00 0 
7f110c021000-7f1110000000 ---p 00000000 00:00 0 
7f111003b000-7f111004e000 r--s 00346000 08:01 21902416                   /usr/lib/jvm/java-8-openjdk-amd64/jre/lib/resources.jar
7f111004e000-7f1114000000 rw-p 00000000 00:00 0 
7f1114000000-7f1114021000 rw-p 00000000 00:00 0 
7f1114021000-7f1118000000 ---p 00000000 00:00 0 
7f1118004000-7f1118007000 r--s 00015000 08:01 21902419                   /usr/lib/jvm/java-8-openjdk-amd64/jre/lib/jce.jar
7f1118007000-7f111800c000 r--s 0009a000 08:01 21902417                   /usr/lib/jvm/java-8-openjdk-amd64/jre/lib/jsse.jar
7f111800c000-7f1118027000 r--s 001d6000 08:01 21902406                   /usr/lib/jvm/java-8-openjdk-amd64/jre/lib/ext/nashorn.jar
7f1118027000-7f1118042000 r--s 00394000 08:01 21902409                   /usr/lib/jvm/java-8-openjdk-amd64/jre/lib/ext/cldrdata.jar
7f1118042000-7f11180d8000 r--s 008d7000 08:01 24779020                   /usr/share/java/openjfx/jre/lib/ext/jfxrt.jar
7f11180d8000-7f11184dc000 rw-p 00000000 00:00 0 
7f11184dc000-7f11186aa000 r--s 03c13000 08:01 21902476                   /usr/lib/jvm/java-8-openjdk-amd64/jre/lib/rt.jar
7f11186aa000-7f1118afb000 rw-p 00000000 00:00 0 
7f1118afb000-7f1118afc000 ---p 00000000 00:00 0 
7f1118afc000-7f1118bfc000 rw-p 00000000 00:00 0 
7f1118bfc000-7f1118bfd000 ---p 00000000 00:00 0 
7f1118bfd000-7f1118cfd000 rw-p 00000000 00:00 0 
7f1118cfd000-7f1118cfe000 ---p 00000000 00:00 0 
7f1118cfe000-7f1118dfe000 rw-p 00000000 00:00 0 
7f1118dfe000-7f1118dff000 ---p 00000000 00:00 0 
7f1118dff000-7f1118eff000 rw-p 00000000 00:00 0 
7f1118eff000-7f1118f00000 ---p 00000000 00:00 0 
7f1118f00000-7f1119000000 rw-p 00000000 00:00 0 
7f1119000000-7f11199c0000 rwxp 00000000 00:00 0 
7f11199c0000-7f1128000000 ---p 00000000 00:00 0 
7f1128000000-7f112872a000 rw-p 00000000 00:00 0 
7f112872a000-7f112c000000 ---p 00000000 00:00 0 
7f112c001000-7f112c002000 ---p 00000000 00:00 0 
7f112c002000-7f112c102000 rw-p 00000000 00:00 0 
7f112c102000-7f112c103000 ---p 00000000 00:00 0 
7f112c103000-7f112c203000 rw-p 00000000 00:00 0 
7f112c203000-7f112c204000 ---p 00000000 00:00 0 
7f112c204000-7f112c379000 rw-p 00000000 00:00 0 
7f112c379000-7f112c596000 ---p 00000000 00:00 0 
7f112c596000-7f112c60b000 rw-p 00000000 00:00 0 
7f112c60b000-7f112c828000 ---p 00000000 00:00 0 
7f112c828000-7f112c877000 rw-p 00000000 00:00 0 
7f112c877000-7f112c971000 ---p 00000000 00:00 0 
7f112c971000-7f112c999000 rw-p 00000000 00:00 0 
7f112c999000-7f112cd32000 ---p 00000000 00:00 0 
7f112cd32000-7f112cd3a000 r-xp 00000000 08:01 21902443                   /usr/lib/jvm/java-8-openjdk-amd64/jre/lib/amd64/libzip.so
7f112cd3a000-7f112cf39000 ---p 00008000 08:01 21902443                   /usr/lib/jvm/java-8-openjdk-amd64/jre/lib/amd64/libzip.so
7f112cf39000-7f112cf3a000 r--p 00007000 08:01 21902443                   /usr/lib/jvm/java-8-openjdk-amd64/jre/lib/amd64/libzip.so
7f112cf3a000-7f112cf3b000 rw-p 00008000 08:01 21902443                   /usr/lib/jvm/java-8-openjdk-amd64/jre/lib/amd64/libzip.so
7f112cf3b000-7f112cf46000 r-xp 00000000 08:01 2883897                    /lib/x86_64-linux-gnu/libnss_files-2.23.so
7f112cf46000-7f112d145000 ---p 0000b000 08:01 2883897                    /lib/x86_64-linux-gnu/libnss_files-2.23.so
7f112d145000-7f112d146000 r--p 0000a000 08:01 2883897                    /lib/x86_64-linux-gnu/libnss_files-2.23.so
7f112d146000-7f112d147000 rw-p 0000b000 08:01 2883897                    /lib/x86_64-linux-gnu/libnss_files-2.23.so
7f112d147000-7f112d14d000 rw-p 00000000 00:00 0 
7f112d14d000-7f112d158000 r-xp 00000000 08:01 2883903                    /lib/x86_64-linux-gnu/libnss_nis-2.23.so
7f112d158000-7f112d357000 ---p 0000b000 08:01 2883903                    /lib/x86_64-linux-gnu/libnss_nis-2.23.so
7f112d357000-7f112d358000 r--p 0000a000 08:01 2883903                    /lib/x86_64-linux-gnu/libnss_nis-2.23.so
7f112d358000-7f112d359000 rw-p 0000b000 08:01 2883903                    /lib/x86_64-linux-gnu/libnss_nis-2.23.so
7f112d359000-7f112d36f000 r-xp 00000000 08:01 2883889                    /lib/x86_64-linux-gnu/libnsl-2.23.so
7f112d36f000-7f112d56e000 ---p 00016000 08:01 2883889                    /lib/x86_64-linux-gnu/libnsl-2.23.so
7f112d56e000-7f112d56f000 r--p 00015000 08:01 2883889                    /lib/x86_64-linux-gnu/libnsl-2.23.so
7f112d56f000-7f112d570000 rw-p 00016000 08:01 2883889                    /lib/x86_64-linux-gnu/libnsl-2.23.so
7f112d570000-7f112d572000 rw-p 00000000 00:00 0 
7f112d572000-7f112d57a000 r-xp 00000000 08:01 2885354                    /lib/x86_64-linux-gnu/libnss_compat-2.23.so
7f112d57a000-7f112d779000 ---p 00008000 08:01 2885354                    /lib/x86_64-linux-gnu/libnss_compat-2.23.so
7f112d779000-7f112d77a000 r--p 00007000 08:01 2885354                    /lib/x86_64-linux-gnu/libnss_compat-2.23.so
7f112d77a000-7f112d77b000 rw-p 00008000 08:01 2885354                    /lib/x86_64-linux-gnu/libnss_compat-2.23.so
7f112d77b000-7f112d7a8000 r-xp 00000000 08:01 21902461                   /usr/lib/jvm/java-8-openjdk-amd64/jre/lib/amd64/libjava.so
7f112d7a8000-7f112d9a7000 ---p 0002d000 08:01 21902461                   /usr/lib/jvm/java-8-openjdk-amd64/jre/lib/amd64/libjava.so
7f112d9a7000-7f112d9a8000 r--p 0002c000 08:01 21902461                   /usr/lib/jvm/java-8-openjdk-amd64/jre/lib/amd64/libjava.so
7f112d9a8000-7f112d9aa000 rw-p 0002d000 08:01 21902461                   /usr/lib/jvm/java-8-openjdk-amd64/jre/lib/amd64/libjava.so
7f112d9aa000-7f112d9b9000 r-xp 00000000 08:01 21902435                   /usr/lib/jvm/java-8-openjdk-amd64/jre/lib/amd64/libverify.so
7f112d9b9000-7f112dbb8000 ---p 0000f000 08:01 21902435                   /usr/lib/jvm/java-8-openjdk-amd64/jre/lib/amd64/libverify.so
7f112dbb8000-7f112dbba000 r--p 0000e000 08:01 21902435                   /usr/lib/jvm/java-8-openjdk-amd64/jre/lib/amd64/libverify.so
7f112dbba000-7f112dbbb000 rw-p 00010000 08:01 21902435                   /usr/lib/jvm/java-8-openjdk-amd64/jre/lib/amd64/libverify.so
7f112dbbb000-7f112dbc2000 r-xp 00000000 08:01 2883907                    /lib/x86_64-linux-gnu/librt-2.23.so
7f112dbc2000-7f112ddc1000 ---p 00007000 08:01 2883907                    /lib/x86_64-linux-gnu/librt-2.23.so
7f112ddc1000-7f112ddc2000 r--p 00006000 08:01 2883907                    /lib/x86_64-linux-gnu/librt-2.23.so
7f112ddc2000-7f112ddc3000 rw-p 00007000 08:01 2883907                    /lib/x86_64-linux-gnu/librt-2.23.so
7f112ddc3000-7f112ddd9000 r-xp 00000000 08:01 2883603                    /lib/x86_64-linux-gnu/libgcc_s.so.1
7f112ddd9000-7f112dfd8000 ---p 00016000 08:01 2883603                    /lib/x86_64-linux-gnu/libgcc_s.so.1
7f112dfd8000-7f112dfd9000 rw-p 00015000 08:01 2883603                    /lib/x86_64-linux-gnu/libgcc_s.so.1
7f112dfd9000-7f112e0e1000 r-xp 00000000 08:01 2885364                    /lib/x86_64-linux-gnu/libm-2.23.so
7f112e0e1000-7f112e2e0000 ---p 00108000 08:01 2885364                    /lib/x86_64-linux-gnu/libm-2.23.so
7f112e2e0000-7f112e2e1000 r--p 00107000 08:01 2885364                    /lib/x86_64-linux-gnu/libm-2.23.so
7f112e2e1000-7f112e2e2000 rw-p 00108000 08:01 2885364                    /lib/x86_64-linux-gnu/libm-2.23.so
7f112e2e2000-7f112e454000 r-xp 00000000 08:01 21764325                   /usr/lib/x86_64-linux-gnu/libstdc++.so.6.0.21
7f112e454000-7f112e654000 ---p 00172000 08:01 21764325                   /usr/lib/x86_64-linux-gnu/libstdc++.so.6.0.21
7f112e654000-7f112e65e000 r--p 00172000 08:01 21764325                   /usr/lib/x86_64-linux-gnu/libstdc++.so.6.0.21
7f112e65e000-7f112e660000 rw-p 0017c000 08:01 21764325                   /usr/lib/x86_64-linux-gnu/libstdc++.so.6.0.21
7f112e660000-7f112e664000 rw-p 00000000 00:00 0 
7f112e664000-7f112f2b8000 r-xp 00000000 08:01 21902445                   /usr/lib/jvm/java-8-openjdk-amd64/jre/lib/amd64/server/libjvm.so
7f112f2b8000-7f112f4b8000 ---p 00c54000 08:01 21902445                   /usr/lib/jvm/java-8-openjdk-amd64/jre/lib/amd64/server/libjvm.so
7f112f4b8000-7f112f54b000 r--p 00c54000 08:01 21902445                   /usr/lib/jvm/java-8-openjdk-amd64/jre/lib/amd64/server/libjvm.so
7f112f54b000-7f112f574000 rw-p 00ce7000 08:01 21902445                   /usr/lib/jvm/java-8-openjdk-amd64/jre/lib/amd64/server/libjvm.so
7f112f574000-7f112f5a4000 rw-p 00000000 00:00 0 
7f112f5a4000-7f112f5bc000 r-xp 00000000 08:01 2883901                    /lib/x86_64-linux-gnu/libpthread-2.23.so
7f112f5bc000-7f112f7bb000 ---p 00018000 08:01 2883901                    /lib/x86_64-linux-gnu/libpthread-2.23.so
7f112f7bb000-7f112f7bc000 r--p 00017000 08:01 2883901                    /lib/x86_64-linux-gnu/libpthread-2.23.so
7f112f7bc000-7f112f7bd000 rw-p 00018000 08:01 2883901                    /lib/x86_64-linux-gnu/libpthread-2.23.so
7f112f7bd000-7f112f7c1000 rw-p 00000000 00:00 0 
7f112f7c1000-7f112f7c4000 r-xp 00000000 08:01 2884086                    /lib/x86_64-linux-gnu/libdl-2.23.so
7f112f7c4000-7f112f9c3000 ---p 00003000 08:01 2884086                    /lib/x86_64-linux-gnu/libdl-2.23.so
7f112f9c3000-7f112f9c4000 r--p 00002000 08:01 2884086                    /lib/x86_64-linux-gnu/libdl-2.23.so
7f112f9c4000-7f112f9c5000 rw-p 00003000 08:01 2884086                    /lib/x86_64-linux-gnu/libdl-2.23.so
7f112f9c5000-7f112f9de000 r-xp 00000000 08:01 2883678                    /lib/x86_64-linux-gnu/libz.so.1.2.8
7f112f9de000-7f112fbdd000 ---p 00019000 08:01 2883678                    /lib/x86_64-linux-gnu/libz.so.1.2.8
7f112fbdd000-7f112fbde000 r--p 00018000 08:01 2883678                    /lib/x86_64-linux-gnu/libz.so.1.2.8
7f112fbde000-7f112fbdf000 rw-p 00019000 08:01 2883678                    /lib/x86_64-linux-gnu/libz.so.1.2.8
7f112fbdf000-7f112fd9f000 r-xp 00000000 08:01 2885370                    /lib/x86_64-linux-gnu/libc-2.23.so
7f112fd9f000-7f112ff9f000 ---p 001c0000 08:01 2885370                    /lib/x86_64-linux-gnu/libc-2.23.so
7f112ff9f000-7f112ffa3000 r--p 001c0000 08:01 2885370                    /lib/x86_64-linux-gnu/libc-2.23.so
7f112ffa3000-7f112ffa5000 rw-p 001c4000 08:01 2885370                    /lib/x86_64-linux-gnu/libc-2.23.so
7f112ffa5000-7f112ffa9000 rw-p 00000000 00:00 0 
7f112ffa9000-7f112ffb6000 r-xp 00000000 08:01 21902456                   /usr/lib/jvm/java-8-openjdk-amd64/jre/lib/amd64/jli/libjli.so
7f112ffb6000-7f11301b6000 ---p 0000d000 08:01 21902456                   /usr/lib/jvm/java-8-openjdk-amd64/jre/lib/amd64/jli/libjli.so
7f11301b6000-7f11301b7000 r--p 0000d000 08:01 21902456                   /usr/lib/jvm/java-8-openjdk-amd64/jre/lib/amd64/jli/libjli.so
7f11301b7000-7f11301b8000 rw-p 0000e000 08:01 21902456                   /usr/lib/jvm/java-8-openjdk-amd64/jre/lib/amd64/jli/libjli.so
7f11301b8000-7f11301de000 r-xp 00000000 08:01 2883891                    /lib/x86_64-linux-gnu/ld-2.23.so
7f11301df000-7f11301e2000 r--s 0000f000 08:01 21902405                   /usr/lib/jvm/java-8-openjdk-amd64/jre/lib/ext/icedtea-sound.jar
7f11301e2000-7f11302b2000 rw-p 00000000 00:00 0 
7f11302b2000-7f11302b5000 ---p 00000000 00:00 0 
7f11302b5000-7f11303b8000 rw-p 00000000 00:00 0 
7f11303b8000-7f11303ba000 r--s 00008000 08:01 21902411                   /usr/lib/jvm/java-8-openjdk-amd64/jre/lib/ext/sunec.jar
7f11303ba000-7f11303bb000 r--s 0000a000 08:01 21902412                   /usr/lib/jvm/java-8-openjdk-amd64/jre/lib/ext/jaccess.jar
7f11303bb000-7f11303bd000 r--s 00001000 08:01 21902414                   /usr/lib/jvm/java-8-openjdk-amd64/jre/lib/ext/dnsns.jar
7f11303bd000-7f11303c1000 r--s 00037000 08:01 21902413                   /usr/lib/jvm/java-8-openjdk-amd64/jre/lib/ext/sunpkcs11.jar
7f11303c1000-7f11303c2000 r--s 00010000 08:01 21902407                   /usr/lib/jvm/java-8-openjdk-amd64/jre/lib/ext/zipfs.jar
7f11303c2000-7f11303cc000 r--s 00116000 08:01 21902408                   /usr/lib/jvm/java-8-openjdk-amd64/jre/lib/ext/localedata.jar
7f11303cc000-7f11303d1000 r--s 0003b000 08:01 21902410                   /usr/lib/jvm/java-8-openjdk-amd64/jre/lib/ext/sunjce_provider.jar
7f11303d1000-7f11303d9000 rw-s 00000000 08:01 7477717                    /tmp/hsperfdata_tipech/16567
7f11303d9000-7f11303da000 rw-p 00000000 00:00 0 
7f11303da000-7f11303db000 r--p 00000000 00:00 0 
7f11303db000-7f11303dd000 rw-p 00000000 00:00 0 
7f11303dd000-7f11303de000 r--p 00025000 08:01 2883891                    /lib/x86_64-linux-gnu/ld-2.23.so
7f11303de000-7f11303df000 rw-p 00026000 08:01 2883891                    /lib/x86_64-linux-gnu/ld-2.23.so
7f11303df000-7f11303e0000 rw-p 00000000 00:00 0 
7fff97d0c000-7fff97d2e000 rw-p 00000000 00:00 0                          [stack]
7fff97d7c000-7fff97d7e000 r--p 00000000 00:00 0                          [vvar]
7fff97d7e000-7fff97d80000 r-xp 00000000 00:00 0                          [vdso]
ffffffffff600000-ffffffffff601000 r-xp 00000000 00:00 0                  [vsyscall]

VM Arguments:
jvm_args: -Dhttp.proxyHost=icache -Dhttp.proxyPort=80 
java_command: ../core/target/wrapper-jar-with-dependencies.jar
java_class_path (initial): ../core/target/wrapper-jar-with-dependencies.jar
Launcher Type: SUN_STANDARD

Environment Variables:
JAVA_HOME=/usr/lib/jvm/java-8-openjdk-amd64/jre
PATH=/home/tipech/.config/composer/vendor/bin:/usr/lib/jvm/java-8-openjdk-amd64/jre/bin:/usr/local/sbin:/usr/local/bin:/usr/sbin:/usr/bin:/sbin:/bin:/usr/games:/usr/local/games:/snap/bin:/usr/local/android-sdk-linux/:/usr/local/android-sdk-linux/tools:/usr/local/android-sdk-linux/platform-tools:/usr/local/android-sdk-linux/build-tools
SHELL=/bin/bash
DISPLAY=:0

Signal Handlers:
SIGSEGV: [libjvm.so+0xa6ad10], sa_mask[0]=11111111011111111101111111111110, sa_flags=SA_RESTART|SA_SIGINFO
SIGBUS: [libjvm.so+0xa6ad10], sa_mask[0]=11111111011111111101111111111110, sa_flags=SA_RESTART|SA_SIGINFO
SIGFPE: [libjvm.so+0x8b3bc0], sa_mask[0]=11111111011111111101111111111110, sa_flags=SA_RESTART|SA_SIGINFO
SIGPIPE: [libjvm.so+0x8b3bc0], sa_mask[0]=11111111011111111101111111111110, sa_flags=SA_RESTART|SA_SIGINFO
SIGXFSZ: [libjvm.so+0x8b3bc0], sa_mask[0]=11111111011111111101111111111110, sa_flags=SA_RESTART|SA_SIGINFO
SIGILL: [libjvm.so+0x8b3bc0], sa_mask[0]=11111111011111111101111111111110, sa_flags=SA_RESTART|SA_SIGINFO
SIGUSR1: SIG_DFL, sa_mask[0]=00000000000000000000000000000000, sa_flags=none
SIGUSR2: [libjvm.so+0x8b3a70], sa_mask[0]=00000000000000000000000000000000, sa_flags=SA_RESTART|SA_SIGINFO
SIGHUP: [libjvm.so+0x8b3f40], sa_mask[0]=11111111011111111101111111111110, sa_flags=SA_RESTART|SA_SIGINFO
SIGINT: [libjvm.so+0x8b3f40], sa_mask[0]=11111111011111111101111111111110, sa_flags=SA_RESTART|SA_SIGINFO
SIGTERM: [libjvm.so+0x8b3f40], sa_mask[0]=11111111011111111101111111111110, sa_flags=SA_RESTART|SA_SIGINFO
SIGQUIT: [libjvm.so+0x8b3f40], sa_mask[0]=11111111011111111101111111111110, sa_flags=SA_RESTART|SA_SIGINFO


---------------  S Y S T E M  ---------------

OS:DISTRIB_ID=Ubuntu
DISTRIB_RELEASE=16.04
DISTRIB_CODENAME=xenial
DISTRIB_DESCRIPTION="Ubuntu 16.04.2 LTS"

uname:Linux 4.4.0-87-generic #110-Ubuntu SMP Tue Jul 18 12:55:35 UTC 2017 x86_64
libc:glibc 2.23 NPTL 2.23 
rlimit: STACK 8192k, CORE 0k, NPROC 31406, NOFILE 1048576, AS infinity
load average:0,51 0,63 0,69

/proc/meminfo:
MemTotal:        8080872 kB
MemFree:         1648944 kB
MemAvailable:    3966872 kB
Buffers:          647428 kB
Cached:          2141224 kB
SwapCached:            0 kB
Active:          4452920 kB
Inactive:        1432224 kB
Active(anon):    3101032 kB
Inactive(anon):   516136 kB
Active(file):    1351888 kB
Inactive(file):   916088 kB
Unevictable:          48 kB
Mlocked:              48 kB
SwapTotal:       8292348 kB
SwapFree:        8292348 kB
Dirty:               312 kB
Writeback:             0 kB
AnonPages:       3096560 kB
Mapped:           807532 kB
Shmem:            520672 kB
Slab:             404380 kB
SReclaimable:     353792 kB
SUnreclaim:        50588 kB
KernelStack:       15104 kB
PageTables:        64160 kB
NFS_Unstable:          0 kB
Bounce:                0 kB
WritebackTmp:          0 kB
CommitLimit:    12332784 kB
Committed_AS:   30688100 kB
VmallocTotal:   34359738367 kB
VmallocUsed:           0 kB
VmallocChunk:          0 kB
HardwareCorrupted:     0 kB
AnonHugePages:   1409024 kB
CmaTotal:              0 kB
CmaFree:               0 kB
HugePages_Total:       0
HugePages_Free:        0
HugePages_Rsvd:        0
HugePages_Surp:        0
Hugepagesize:       2048 kB
DirectMap4k:      213544 kB
DirectMap2M:     7032832 kB
DirectMap1G:     2097152 kB


CPU:total 8 (initial active 8) (4 cores per cpu, 2 threads per core) family 6 model 60 stepping 3, cmov, cx8, fxsr, mmx, sse, sse2, sse3, ssse3, sse4.1, sse4.2, popcnt, avx, avx2, aes, clmul, erms, lzcnt, ht, tsc, tscinvbit, bmi1, bmi2

/proc/cpuinfo:
processor	: 0
vendor_id	: GenuineIntel
cpu family	: 6
model		: 60
model name	: Intel(R) Core(TM) i7-4790 CPU @ 3.60GHz
stepping	: 3
microcode	: 0x1c
cpu MHz		: 3611.250
cache size	: 8192 KB
physical id	: 0
siblings	: 8
core id		: 0
cpu cores	: 4
apicid		: 0
initial apicid	: 0
fpu		: yes
fpu_exception	: yes
cpuid level	: 13
wp		: yes
flags		: fpu vme de pse tsc msr pae mce cx8 apic sep mtrr pge mca cmov pat pse36 clflush dts acpi mmx fxsr sse sse2 ss ht tm pbe syscall nx pdpe1gb rdtscp lm constant_tsc arch_perfmon pebs bts rep_good nopl xtopology nonstop_tsc aperfmperf eagerfpu pni pclmulqdq dtes64 monitor ds_cpl vmx smx est tm2 ssse3 sdbg fma cx16 xtpr pdcm pcid sse4_1 sse4_2 x2apic movbe popcnt tsc_deadline_timer aes xsave avx f16c rdrand lahf_lm abm epb tpr_shadow vnmi flexpriority ept vpid fsgsbase tsc_adjust bmi1 avx2 smep bmi2 erms invpcid xsaveopt dtherm ida arat pln pts
bugs		:
bogomips	: 7183.49
clflush size	: 64
cache_alignment	: 64
address sizes	: 39 bits physical, 48 bits virtual
power management:

processor	: 1
vendor_id	: GenuineIntel
cpu family	: 6
model		: 60
model name	: Intel(R) Core(TM) i7-4790 CPU @ 3.60GHz
stepping	: 3
microcode	: 0x1c
cpu MHz		: 3662.296
cache size	: 8192 KB
physical id	: 0
siblings	: 8
core id		: 1
cpu cores	: 4
apicid		: 2
initial apicid	: 2
fpu		: yes
fpu_exception	: yes
cpuid level	: 13
wp		: yes
flags		: fpu vme de pse tsc msr pae mce cx8 apic sep mtrr pge mca cmov pat pse36 clflush dts acpi mmx fxsr sse sse2 ss ht tm pbe syscall nx pdpe1gb rdtscp lm constant_tsc arch_perfmon pebs bts rep_good nopl xtopology nonstop_tsc aperfmperf eagerfpu pni pclmulqdq dtes64 monitor ds_cpl vmx smx est tm2 ssse3 sdbg fma cx16 xtpr pdcm pcid sse4_1 sse4_2 x2apic movbe popcnt tsc_deadline_timer aes xsave avx f16c rdrand lahf_lm abm epb tpr_shadow vnmi flexpriority ept vpid fsgsbase tsc_adjust bmi1 avx2 smep bmi2 erms invpcid xsaveopt dtherm ida arat pln pts
bugs		:
bogomips	: 7183.49
clflush size	: 64
cache_alignment	: 64
address sizes	: 39 bits physical, 48 bits virtual
power management:

processor	: 2
vendor_id	: GenuineIntel
cpu family	: 6
model		: 60
model name	: Intel(R) Core(TM) i7-4790 CPU @ 3.60GHz
stepping	: 3
microcode	: 0x1c
cpu MHz		: 3932.859
cache size	: 8192 KB
physical id	: 0
siblings	: 8
core id		: 2
cpu cores	: 4
apicid		: 4
initial apicid	: 4
fpu		: yes
fpu_exception	: yes
cpuid level	: 13
wp		: yes
flags		: fpu vme de pse tsc msr pae mce cx8 apic sep mtrr pge mca cmov pat pse36 clflush dts acpi mmx fxsr sse sse2 ss ht tm pbe syscall nx pdpe1gb rdtscp lm constant_tsc arch_perfmon pebs bts rep_good nopl xtopology nonstop_tsc aperfmperf eagerfpu pni pclmulqdq dtes64 monitor ds_cpl vmx smx est tm2 ssse3 sdbg fma cx16 xtpr pdcm pcid sse4_1 sse4_2 x2apic movbe popcnt tsc_deadline_timer aes xsave avx f16c rdrand lahf_lm abm epb tpr_shadow vnmi flexpriority ept vpid fsgsbase tsc_adjust bmi1 avx2 smep bmi2 erms invpcid xsaveopt dtherm ida arat pln pts
bugs		:
bogomips	: 7183.49
clflush size	: 64
cache_alignment	: 64
address sizes	: 39 bits physical, 48 bits virtual
power management:

processor	: 3
vendor_id	: GenuineIntel
cpu family	: 6
model		: 60
model name	: Intel(R) Core(TM) i7-4790 CPU @ 3.60GHz
stepping	: 3
microcode	: 0x1c
cpu MHz		: 3962.109
cache size	: 8192 KB
physical id	: 0
siblings	: 8
core id		: 3
cpu cores	: 4
apicid		: 6
initial apicid	: 6
fpu		: yes
fpu_exception	: yes
cpuid level	: 13
wp		: yes
flags		: fpu vme de pse tsc msr pae mce cx8 apic sep mtrr pge mca cmov pat pse36 clflush dts acpi mmx fxsr sse sse2 ss ht tm pbe syscall nx pdpe1gb rdtscp lm constant_tsc arch_perfmon pebs bts rep_good nopl xtopology nonstop_tsc aperfmperf eagerfpu pni pclmulqdq dtes64 monitor ds_cpl vmx smx est tm2 ssse3 sdbg fma cx16 xtpr pdcm pcid sse4_1 sse4_2 x2apic movbe popcnt tsc_deadline_timer aes xsave avx f16c rdrand lahf_lm abm epb tpr_shadow vnmi flexpriority ept vpid fsgsbase tsc_adjust bmi1 avx2 smep bmi2 erms invpcid xsaveopt dtherm ida arat pln pts
bugs		:
bogomips	: 7183.49
clflush size	: 64
cache_alignment	: 64
address sizes	: 39 bits physical, 48 bits virtual
power management:

processor	: 4
vendor_id	: GenuineIntel
cpu family	: 6
model		: 60
model name	: Intel(R) Core(TM) i7-4790 CPU @ 3.60GHz
stepping	: 3
microcode	: 0x1c
cpu MHz		: 3829.078
cache size	: 8192 KB
physical id	: 0
siblings	: 8
core id		: 0
cpu cores	: 4
apicid		: 1
initial apicid	: 1
fpu		: yes
fpu_exception	: yes
cpuid level	: 13
wp		: yes
flags		: fpu vme de pse tsc msr pae mce cx8 apic sep mtrr pge mca cmov pat pse36 clflush dts acpi mmx fxsr sse sse2 ss ht tm pbe syscall nx pdpe1gb rdtscp lm constant_tsc arch_perfmon pebs bts rep_good nopl xtopology nonstop_tsc aperfmperf eagerfpu pni pclmulqdq dtes64 monitor ds_cpl vmx smx est tm2 ssse3 sdbg fma cx16 xtpr pdcm pcid sse4_1 sse4_2 x2apic movbe popcnt tsc_deadline_timer aes xsave avx f16c rdrand lahf_lm abm epb tpr_shadow vnmi flexpriority ept vpid fsgsbase tsc_adjust bmi1 avx2 smep bmi2 erms invpcid xsaveopt dtherm ida arat pln pts
bugs		:
bogomips	: 7183.49
clflush size	: 64
cache_alignment	: 64
address sizes	: 39 bits physical, 48 bits virtual
power management:

processor	: 5
vendor_id	: GenuineIntel
cpu family	: 6
model		: 60
model name	: Intel(R) Core(TM) i7-4790 CPU @ 3.60GHz
stepping	: 3
microcode	: 0x1c
cpu MHz		: 3957.890
cache size	: 8192 KB
physical id	: 0
siblings	: 8
core id		: 1
cpu cores	: 4
apicid		: 3
initial apicid	: 3
fpu		: yes
fpu_exception	: yes
cpuid level	: 13
wp		: yes
flags		: fpu vme de pse tsc msr pae mce cx8 apic sep mtrr pge mca cmov pat pse36 clflush dts acpi mmx fxsr sse sse2 ss ht tm pbe syscall nx pdpe1gb rdtscp lm constant_tsc arch_perfmon pebs bts rep_good nopl xtopology nonstop_tsc aperfmperf eagerfpu pni pclmulqdq dtes64 monitor ds_cpl vmx smx est tm2 ssse3 sdbg fma cx16 xtpr pdcm pcid sse4_1 sse4_2 x2apic movbe popcnt tsc_deadline_timer aes xsave avx f16c rdrand lahf_lm abm epb tpr_shadow vnmi flexpriority ept vpid fsgsbase tsc_adjust bmi1 avx2 smep bmi2 erms invpcid xsaveopt dtherm ida arat pln pts
bugs		:
bogomips	: 7183.49
clflush size	: 64
cache_alignment	: 64
address sizes	: 39 bits physical, 48 bits virtual
power management:

processor	: 6
vendor_id	: GenuineIntel
cpu family	: 6
model		: 60
model name	: Intel(R) Core(TM) i7-4790 CPU @ 3.60GHz
stepping	: 3
microcode	: 0x1c
cpu MHz		: 3880.828
cache size	: 8192 KB
physical id	: 0
siblings	: 8
core id		: 2
cpu cores	: 4
apicid		: 5
initial apicid	: 5
fpu		: yes
fpu_exception	: yes
cpuid level	: 13
wp		: yes
flags		: fpu vme de pse tsc msr pae mce cx8 apic sep mtrr pge mca cmov pat pse36 clflush dts acpi mmx fxsr sse sse2 ss ht tm pbe syscall nx pdpe1gb rdtscp lm constant_tsc arch_perfmon pebs bts rep_good nopl xtopology nonstop_tsc aperfmperf eagerfpu pni pclmulqdq dtes64 monitor ds_cpl vmx smx est tm2 ssse3 sdbg fma cx16 xtpr pdcm pcid sse4_1 sse4_2 x2apic movbe popcnt tsc_deadline_timer aes xsave avx f16c rdrand lahf_lm abm epb tpr_shadow vnmi flexpriority ept vpid fsgsbase tsc_adjust bmi1 avx2 smep bmi2 erms invpcid xsaveopt dtherm ida arat pln pts
bugs		:
bogomips	: 7183.49
clflush size	: 64
cache_alignment	: 64
address sizes	: 39 bits physical, 48 bits virtual
power management:

processor	: 7
vendor_id	: GenuineIntel
cpu family	: 6
model		: 60
model name	: Intel(R) Core(TM) i7-4790 CPU @ 3.60GHz
stepping	: 3
microcode	: 0x1c
cpu MHz		: 3802.640
cache size	: 8192 KB
physical id	: 0
siblings	: 8
core id		: 3
cpu cores	: 4
apicid		: 7
initial apicid	: 7
fpu		: yes
fpu_exception	: yes
cpuid level	: 13
wp		: yes
flags		: fpu vme de pse tsc msr pae mce cx8 apic sep mtrr pge mca cmov pat pse36 clflush dts acpi mmx fxsr sse sse2 ss ht tm pbe syscall nx pdpe1gb rdtscp lm constant_tsc arch_perfmon pebs bts rep_good nopl xtopology nonstop_tsc aperfmperf eagerfpu pni pclmulqdq dtes64 monitor ds_cpl vmx smx est tm2 ssse3 sdbg fma cx16 xtpr pdcm pcid sse4_1 sse4_2 x2apic movbe popcnt tsc_deadline_timer aes xsave avx f16c rdrand lahf_lm abm epb tpr_shadow vnmi flexpriority ept vpid fsgsbase tsc_adjust bmi1 avx2 smep bmi2 erms invpcid xsaveopt dtherm ida arat pln pts
bugs		:
bogomips	: 7183.49
clflush size	: 64
cache_alignment	: 64
address sizes	: 39 bits physical, 48 bits virtual
power management:



Memory: 4k page, physical 8080872k(1648696k free), swap 8292348k(8292348k free)

vm_info: OpenJDK 64-Bit Server VM (25.131-b11) for linux-amd64 JRE (1.8.0_131-8u131-b11-2ubuntu1.16.04.2-b11), built on Jul 22 2017 00:56:41 by "buildd" with gcc 5.4.0 20160609

time: Thu Aug  3 12:57:22 2017
elapsed time: 1101 seconds (0d 0h 18m 21s)

